2021-03-09 22:08:05,473 INFO [main thread] Number Of AMD GPUs: 1
2021-03-09 22:08:05,474 INFO [main thread] Using configuration file ./config.json
2021-03-09 22:08:05,475 INFO [main thread] Block getting URL:
   http://127.0.0.1:3000/mining/candidate
2021-03-09 22:08:05,475 INFO [main thread] Solution posting URL:
   http://127.0.0.1:3000/mining/solution
2021-03-09 22:08:06,486 INFO [GPU 0 miner] Gpu 0 Started
2021-03-09 22:08:06,486 INFO [GPU 0 miner] GPU 0 mem_size: 8192  (MB) , max_mem_alloc_size: 4048 (MB) 
2021-03-09 22:08:06,487 INFO [GPU 0 miner] GPU 0 allocating memory
2021-03-09 22:08:07,690 ERROR [main thread] CURL: Couldn't connect to server
2021-03-09 22:08:08,491 INFO [main thread] Waiting for block data to be published by node...
2021-03-09 22:08:09,692 ERROR [main thread] CURL: Couldn't connect to server
2021-03-09 22:08:10,494 INFO [main thread] Waiting for block data to be published by node...
2021-03-09 22:08:11,695 ERROR [main thread] CURL: Couldn't connect to server
2021-03-09 22:08:12,496 INFO [main thread] Waiting for block data to be published by node...
2021-03-10 00:19:07,307 INFO [main thread] Number Of AMD GPUs: 1
2021-03-10 00:19:46,902 INFO [main thread] Number Of AMD GPUs: 1
2021-03-10 00:19:46,903 INFO [main thread] Using configuration file ./config.json
2021-03-10 00:19:46,912 INFO [main thread] Block getting URL:
   http://127.0.0.1:3000/mining/candidate
2021-03-10 00:19:46,912 INFO [main thread] Solution posting URL:
   http://127.0.0.1:3000/mining/solution
2021-03-10 00:19:47,925 INFO [GPU 0 miner] Gpu 0 Started
2021-03-10 00:19:47,925 INFO [GPU 0 miner] GPU 0 mem_size: 8192  (MB) , max_mem_alloc_size: 4048 (MB) 
2021-03-10 00:19:47,925 INFO [GPU 0 miner] GPU 0 allocating memory
2021-03-10 00:19:47,934 ERROR [main thread] Block data: {}
2021-03-10 00:19:47,934 ERROR [main thread] problem in  proxy connection
2021-03-10 00:19:48,735 INFO [main thread] Waiting for block data to be published by node...
2021-03-10 00:19:48,737 ERROR [main thread] Block data: {}
2021-03-10 00:19:48,737 ERROR [main thread] problem in  proxy connection
2021-03-10 00:19:49,538 INFO [main thread] Waiting for block data to be published by node...
2021-03-10 00:19:49,539 ERROR [main thread] Block data: {}
2021-03-10 00:19:49,539 ERROR [main thread] problem in  proxy connection
2021-03-10 00:19:50,340 INFO [main thread] Waiting for block data to be published by node...
2021-03-10 00:19:50,341 ERROR [main thread] Block data: {}
2021-03-10 00:19:50,341 ERROR [main thread] problem in  proxy connection
2021-03-10 00:19:51,142 INFO [main thread] Waiting for block data to be published by node...
2021-03-10 00:19:51,143 ERROR [main thread] Block data: {}
2021-03-10 00:19:51,143 ERROR [main thread] problem in  proxy connection
2021-03-10 00:19:51,944 INFO [main thread] Waiting for block data to be published by node...
2021-03-10 00:19:51,945 ERROR [main thread] Block data: {}
2021-03-10 00:19:51,945 ERROR [main thread] problem in  proxy connection
2021-03-10 00:19:52,746 INFO [main thread] Waiting for block data to be published by node...
2021-03-10 00:19:52,747 ERROR [main thread] Block data: {}
2021-03-10 00:19:52,747 ERROR [main thread] problem in  proxy connection
2021-03-10 00:19:53,549 INFO [main thread] Waiting for block data to be published by node...
2021-03-10 00:19:53,550 ERROR [main thread] Block data: {}
2021-03-10 00:19:53,551 ERROR [main thread] problem in  proxy connection
2021-03-10 00:19:54,352 INFO [main thread] Waiting for block data to be published by node...
2021-03-10 00:19:54,353 ERROR [main thread] Block data: {}
2021-03-10 00:19:54,354 ERROR [main thread] problem in  proxy connection
2021-03-10 00:19:55,155 INFO [main thread] Waiting for block data to be published by node...
2021-03-10 00:19:55,156 ERROR [main thread] Block data: {}
2021-03-10 00:19:55,156 ERROR [main thread] problem in  proxy connection
2021-03-10 00:19:55,957 INFO [main thread] Waiting for block data to be published by node...
2021-03-10 00:19:55,958 ERROR [main thread] Block data: {}
2021-03-10 00:19:55,958 ERROR [main thread] problem in  proxy connection
2021-03-10 00:20:25,104 INFO [main thread] Number Of AMD GPUs: 1
2021-03-10 00:20:25,105 INFO [main thread] Using configuration file ./config.json
2021-03-10 00:20:25,105 INFO [main thread] Block getting URL:
   http://127.0.0.1:3000/mining/candidate
2021-03-10 00:20:25,105 INFO [main thread] Solution posting URL:
   http://127.0.0.1:3000/mining/solution
2021-03-10 00:20:26,116 INFO [GPU 0 miner] Gpu 0 Started
2021-03-10 00:20:26,117 INFO [GPU 0 miner] GPU 0 mem_size: 8192  (MB) , max_mem_alloc_size: 4048 (MB) 
2021-03-10 00:20:26,117 INFO [GPU 0 miner] GPU 0 allocating memory
2021-03-10 00:20:26,119 ERROR [main thread] Block data: {}
2021-03-10 00:20:26,119 ERROR [main thread] problem in  proxy connection
2021-03-10 00:20:26,920 INFO [main thread] Waiting for block data to be published by node...
2021-03-10 00:20:26,921 ERROR [main thread] Block data: {}
2021-03-10 00:20:26,921 ERROR [main thread] problem in  proxy connection
2021-03-10 00:20:27,722 INFO [main thread] Waiting for block data to be published by node...
2021-03-10 00:20:27,723 ERROR [main thread] Block data: {}
2021-03-10 00:20:27,723 ERROR [main thread] problem in  proxy connection
